<?xml version="1.0" encoding="UTF-8"?>
<testng-results ignored="0" total="1" passed="1" failed="0" skipped="0">
  <reporter-output>
  </reporter-output>
  <suite started-at="2024-06-26T22:29:17 IST" name="Default suite" finished-at="2024-06-26T22:29:19 IST" duration-ms="2040">
    <groups>
    </groups>
    <test started-at="2024-06-26T22:29:17 IST" name="Default test" finished-at="2024-06-26T22:29:19 IST" duration-ms="2040">
      <class name="api.test.testCreateUser">
        <test-method is-config="true" signature="payload()[pri:0, instance:api.test.testCreateUser@64b0598]" started-at="2024-06-26T22:29:17 IST" name="payload" finished-at="2024-06-26T22:29:17 IST" duration-ms="81" status="PASS">
          <reporter-output>
          </reporter-output>
        </test-method> <!-- payload -->
        <test-method signature="createSingleTestUser()[pri:0, instance:api.test.testCreateUser@64b0598]" started-at="2024-06-26T22:29:17 IST" name="createSingleTestUser" finished-at="2024-06-26T22:29:19 IST" duration-ms="1941" status="PASS">
          <reporter-output>
          </reporter-output>
        </test-method> <!-- createSingleTestUser -->
      </class> <!-- api.test.testCreateUser -->
    </test> <!-- Default test -->
  </suite> <!-- Default suite -->
</testng-results>
